SF:lib\src\animal.dart
DA:8,1
DA:14,6
DA:17,0
DA:18,0
DA:19,0
DA:20,0
DA:23,0
DA:24,0
DA:28,6
DA:31,6
DA:34,6
DA:37,6
DA:40,6
DA:43,6
DA:46,6
DA:49,6
DA:52,6
DA:55,0
DA:58,1
DA:59,5
DA:62,6
DA:65,6
LF:22
LH:15
end_of_record
SF:lib\src\datatype.dart
DA:13,3
DA:14,12
DA:21,3
DA:22,15
DA:23,6
DA:30,1
DA:31,4
DA:32,3
DA:33,3
DA:34,3
DA:35,3
DA:36,3
DA:38,1
DA:44,1
DA:48,2
DA:49,5
DA:56,0
DA:59,0
DA:60,0
DA:61,0
DA:63,0
DA:68,6
DA:73,1
DA:74,1
DA:75,1
DA:76,1
DA:80,2
DA:81,2
DA:87,1
DA:88,1
DA:90,1
DA:91,2
DA:92,5
DA:95,1
DA:99,1
DA:100,5
LF:36
LH:31
end_of_record
SF:lib\src\faker.dart
DA:13,0
DA:16,0
DA:22,0
DA:25,0
DA:26,0
DA:29,0
DA:39,0
DA:44,0
DA:49,0
DA:54,0
DA:59,0
DA:76,0
DA:79,0
DA:82,0
DA:83,0
DA:86,0
DA:90,0
DA:91,0
DA:93,0
DA:95,0
DA:96,0
DA:98,0
DA:99,0
DA:103,0
DA:105,0
DA:108,0
DA:111,0
DA:116,0
DA:117,0
DA:118,0
DA:119,0
DA:120,0
DA:121,0
DA:122,0
DA:123,0
DA:124,0
DA:125,0
DA:126,0
DA:128,0
DA:129,0
DA:130,0
DA:131,0
DA:132,0
DA:133,0
DA:134,0
DA:135,0
DA:136,0
DA:137,0
DA:138,0
DA:139,0
DA:141,0
DA:142,0
DA:143,0
DA:144,0
DA:145,0
DA:146,0
DA:147,0
DA:148,0
DA:149,0
DA:150,0
DA:151,0
DA:152,0
DA:153,0
DA:154,0
DA:155,0
DA:156,0
DA:157,0
DA:158,0
DA:159,0
DA:160,0
DA:161,0
DA:162,0
DA:163,0
DA:165,0
DA:166,0
DA:167,0
DA:168,0
DA:169,0
DA:170,0
DA:171,0
DA:172,0
DA:173,0
DA:174,0
DA:175,0
DA:176,0
DA:177,0
DA:178,0
DA:179,0
DA:180,0
DA:182,0
DA:183,0
DA:184,0
DA:185,0
DA:186,0
DA:187,0
DA:188,0
DA:189,0
DA:190,0
LF:98
LH:0
end_of_record
SF:lib\src\models\faker_locale.dart
DA:49,0
DA:71,0
DA:92,0
DA:93,0
DA:94,0
DA:95,0
DA:96,0
DA:97,0
DA:98,0
DA:99,0
DA:100,0
DA:101,0
DA:102,0
DA:103,0
DA:104,0
DA:105,0
DA:106,0
DA:107,0
DA:108,0
DA:109,0
DA:110,0
DA:111,0
DA:115,0
DA:116,0
DA:117,0
DA:118,0
DA:119,0
DA:120,0
DA:121,0
DA:122,0
DA:123,0
DA:124,0
DA:125,0
DA:126,0
DA:127,0
DA:128,0
DA:129,0
DA:130,0
DA:131,0
DA:132,0
DA:133,0
DA:134,0
DA:135,0
DA:139,0
DA:140,0
DA:141,0
DA:142,0
DA:143,0
DA:144,0
DA:145,0
DA:146,0
DA:147,0
DA:148,0
DA:149,0
DA:150,0
DA:151,0
DA:152,0
DA:153,0
DA:154,0
DA:155,0
DA:156,0
DA:157,0
DA:158,0
DA:159,0
DA:163,0
DA:165,0
DA:166,0
DA:168,0
DA:170,0
DA:173,0
DA:177,0
DA:178,0
DA:179,0
DA:180,0
DA:181,0
DA:182,0
DA:183,0
DA:184,0
DA:185,0
DA:186,0
DA:187,0
DA:188,0
DA:189,0
DA:190,0
DA:191,0
DA:192,0
DA:193,0
DA:194,0
DA:195,0
DA:196,0
DA:199,0
DA:201,0
DA:202,0
DA:203,0
DA:204,0
DA:205,0
DA:206,0
DA:207,0
DA:208,0
DA:209,0
DA:210,0
DA:211,0
DA:212,0
DA:213,0
DA:214,0
DA:215,0
DA:216,0
DA:217,0
DA:218,0
DA:219,0
LF:110
LH:0
end_of_record
SF:lib\src\models\address.dart
DA:29,0
DA:54,0
DA:78,0
DA:79,0
DA:80,0
DA:81,0
DA:82,0
DA:83,0
DA:84,0
DA:85,0
DA:86,0
DA:87,0
DA:88,0
DA:89,0
DA:90,0
DA:91,0
DA:92,0
DA:93,0
DA:94,0
DA:95,0
DA:96,0
DA:97,0
DA:98,0
DA:99,0
DA:100,0
DA:104,0
DA:105,0
DA:106,0
DA:107,0
DA:108,0
DA:109,0
DA:110,0
DA:111,0
DA:112,0
DA:113,0
DA:114,0
DA:115,0
DA:116,0
DA:117,0
DA:118,0
DA:119,0
DA:120,0
DA:121,0
DA:122,0
DA:123,0
DA:124,0
DA:125,0
DA:126,0
DA:127,0
DA:131,0
DA:132,0
DA:133,0
DA:134,0
DA:135,0
DA:136,0
DA:137,0
DA:138,0
DA:139,0
DA:140,0
DA:141,0
DA:142,0
DA:143,0
DA:144,0
DA:145,0
DA:146,0
DA:147,0
DA:148,0
DA:149,0
DA:150,0
DA:151,0
DA:152,0
DA:153,0
DA:154,0
DA:158,0
DA:160,0
DA:161,0
DA:163,0
DA:165,0
DA:168,0
DA:171,0
DA:173,0
DA:174,0
DA:175,0
DA:176,0
DA:177,0
DA:178,0
DA:179,0
DA:180,0
DA:181,0
DA:182,0
DA:183,0
DA:184,0
DA:185,0
DA:186,0
DA:187,0
DA:188,0
DA:189,0
DA:190,0
DA:191,0
DA:192,0
DA:193,0
DA:194,0
DA:195,0
DA:198,0
DA:200,0
DA:201,0
DA:202,0
DA:203,0
DA:204,0
DA:205,0
DA:206,0
DA:207,0
DA:208,0
DA:209,0
DA:210,0
DA:211,0
DA:212,0
DA:213,0
DA:214,0
DA:215,0
DA:216,0
DA:217,0
DA:218,0
DA:219,0
DA:220,0
DA:221,0
LF:126
LH:0
end_of_record
SF:lib\src\models\animal.dart
DA:22,0
DA:39,0
DA:55,0
DA:56,0
DA:57,0
DA:58,0
DA:59,0
DA:60,0
DA:61,0
DA:62,0
DA:63,0
DA:64,0
DA:65,0
DA:66,0
DA:67,0
DA:68,0
DA:69,0
DA:73,0
DA:74,0
DA:75,0
DA:76,0
DA:77,0
DA:78,0
DA:79,0
DA:80,0
DA:81,0
DA:82,0
DA:83,0
DA:84,0
DA:85,0
DA:86,0
DA:87,0
DA:88,0
DA:92,0
DA:93,0
DA:94,0
DA:95,0
DA:96,0
DA:97,0
DA:98,0
DA:99,0
DA:100,0
DA:101,0
DA:102,0
DA:103,0
DA:104,0
DA:105,0
DA:106,0
DA:107,0
DA:111,0
DA:113,0
DA:115,0
DA:117,0
DA:120,0
DA:123,0
DA:125,0
DA:126,0
DA:127,0
DA:128,0
DA:129,0
DA:130,0
DA:131,0
DA:132,0
DA:133,0
DA:134,0
DA:135,0
DA:136,0
DA:137,0
DA:138,0
DA:139,0
DA:142,0
DA:144,0
DA:145,0
DA:146,0
DA:147,0
DA:148,0
DA:149,0
DA:150,0
DA:151,0
DA:152,0
DA:153,0
DA:154,0
DA:155,0
DA:156,0
DA:157,0
LF:85
LH:0
end_of_record
SF:lib\src\models\app.dart
DA:10,0
DA:16,0
DA:21,0
DA:22,0
DA:23,0
DA:24,0
DA:28,0
DA:29,0
DA:30,0
DA:31,0
DA:32,0
DA:36,0
DA:37,0
DA:38,0
DA:39,0
DA:40,0
DA:44,0
DA:46,0
DA:48,0
DA:49,0
DA:51,0
DA:54,0
DA:56,0
DA:57,0
DA:58,0
DA:59,0
DA:62,0
DA:63,0
LF:28
LH:0
end_of_record
SF:lib\src\models\business.dart
DA:10,0
DA:16,0
DA:21,0
DA:23,0
DA:24,0
DA:25,0
DA:29,0
DA:30,0
DA:31,0
DA:32,0
DA:33,0
DA:37,0
DA:38,0
DA:39,0
DA:40,0
DA:41,0
DA:45,0
DA:47,0
DA:48,0
DA:50,0
DA:52,0
DA:54,0
DA:57,0
DA:59,0
DA:60,0
DA:61,0
DA:62,0
DA:65,0
DA:67,0
DA:68,0
DA:69,0
LF:31
LH:0
end_of_record
SF:lib\src\models\cell_phone.dart
DA:8,0
DA:12,0
DA:15,0
DA:16,0
DA:20,0
DA:21,0
DA:22,0
DA:26,0
DA:27,0
DA:28,0
DA:32,0
DA:34,0
DA:35,0
DA:37,0
DA:38,0
DA:40,0
DA:43,0
DA:45,0
DA:48,0
DA:49,0
LF:20
LH:0
end_of_record
SF:lib\src\models\commerce.dart
DA:11,0
DA:18,0
DA:24,0
DA:25,0
DA:26,0
DA:27,0
DA:28,0
DA:32,0
DA:33,0
DA:34,0
DA:35,0
DA:36,0
DA:37,0
DA:41,0
DA:42,0
DA:43,0
DA:44,0
DA:45,0
DA:46,0
DA:50,0
DA:52,0
DA:53,0
DA:55,0
DA:57,0
DA:60,0
DA:63,0
DA:65,0
DA:66,0
DA:67,0
DA:68,0
DA:69,0
DA:72,0
DA:74,0
DA:75,0
DA:76,0
DA:77,0
DA:85,0
DA:91,0
DA:96,0
DA:97,0
DA:98,0
DA:99,0
DA:103,0
DA:104,0
DA:105,0
DA:106,0
DA:107,0
DA:111,0
DA:112,0
DA:113,0
DA:114,0
DA:115,0
DA:119,0
DA:121,0
DA:122,0
DA:124,0
DA:126,0
DA:128,0
DA:131,0
DA:133,0
DA:134,0
DA:135,0
DA:136,0
DA:139,0
DA:140,0
LF:65
LH:0
end_of_record
SF:lib\src\models\company.dart
DA:15,0
DA:26,0
DA:36,0
DA:37,0
DA:38,0
DA:39,0
DA:40,0
DA:41,0
DA:42,0
DA:43,0
DA:44,0
DA:48,0
DA:49,0
DA:50,0
DA:51,0
DA:52,0
DA:53,0
DA:54,0
DA:55,0
DA:56,0
DA:57,0
DA:61,0
DA:62,0
DA:63,0
DA:64,0
DA:65,0
DA:66,0
DA:67,0
DA:68,0
DA:69,0
DA:70,0
DA:74,0
DA:76,0
DA:77,0
DA:79,0
DA:81,0
DA:84,0
DA:87,0
DA:89,0
DA:90,0
DA:91,0
DA:92,0
DA:93,0
DA:94,0
DA:95,0
DA:96,0
DA:97,0
DA:100,0
DA:102,0
DA:103,0
DA:104,0
DA:105,0
DA:106,0
DA:107,0
DA:108,0
DA:109,0
LF:56
LH:0
end_of_record
SF:lib\src\models\database.dart
DA:11,0
DA:18,0
DA:24,0
DA:25,0
DA:26,0
DA:27,0
DA:28,0
DA:32,0
DA:33,0
DA:34,0
DA:35,0
DA:36,0
DA:37,0
DA:41,0
DA:42,0
DA:43,0
DA:44,0
DA:45,0
DA:46,0
DA:50,0
DA:52,0
DA:53,0
DA:55,0
DA:57,0
DA:60,0
DA:63,0
DA:65,0
DA:66,0
DA:67,0
DA:68,0
DA:69,0
DA:72,0
DA:74,0
DA:75,0
DA:76,0
DA:77,0
LF:36
LH:0
end_of_record
SF:lib\src\models\date.dart
DA:9,0
DA:14,0
DA:18,0
DA:19,0
DA:20,0
DA:24,0
DA:25,0
DA:26,0
DA:27,0
DA:31,0
DA:32,0
DA:33,0
DA:34,0
DA:38,0
DA:40,0
DA:42,0
DA:43,0
DA:45,0
DA:49,0
DA:52,0
DA:53,0
DA:61,0
DA:68,0
DA:74,0
DA:75,0
DA:76,0
DA:77,0
DA:78,0
DA:82,0
DA:83,0
DA:84,0
DA:85,0
DA:86,0
DA:87,0
DA:91,0
DA:92,0
DA:93,0
DA:94,0
DA:95,0
DA:96,0
DA:100,0
DA:102,0
DA:104,0
DA:106,0
DA:109,0
DA:112,0
DA:114,0
DA:115,0
DA:116,0
DA:117,0
DA:118,0
DA:121,0
DA:123,0
DA:124,0
DA:125,0
DA:126,0
DA:135,0
DA:142,0
DA:148,0
DA:149,0
DA:150,0
DA:151,0
DA:152,0
DA:156,0
DA:157,0
DA:158,0
DA:159,0
DA:160,0
DA:161,0
DA:165,0
DA:166,0
DA:167,0
DA:168,0
DA:169,0
DA:170,0
DA:174,0
DA:176,0
DA:177,0
DA:179,0
DA:181,0
DA:184,0
DA:187,0
DA:189,0
DA:190,0
DA:191,0
DA:192,0
DA:193,0
DA:196,0
DA:198,0
DA:199,0
DA:200,0
DA:201,0
LF:92
LH:0
end_of_record
SF:lib\src\models\finance.dart
DA:6,0
DA:10,0
DA:13,0
DA:14,0
DA:18,0
DA:19,0
DA:20,0
DA:24,0
DA:25,0
DA:26,0
DA:30,0
DA:32,0
DA:33,0
DA:35,0
DA:36,0
DA:38,0
DA:42,0
DA:45,0
DA:46,0
LF:19
LH:0
end_of_record
SF:lib\src\models\hacker.dart
DA:13,0
DA:22,0
DA:30,0
DA:31,0
DA:32,0
DA:33,0
DA:34,0
DA:35,0
DA:36,0
DA:40,0
DA:41,0
DA:42,0
DA:43,0
DA:44,0
DA:45,0
DA:46,0
DA:47,0
DA:51,0
DA:52,0
DA:53,0
DA:54,0
DA:55,0
DA:56,0
DA:57,0
DA:58,0
DA:62,0
DA:64,0
DA:66,0
DA:68,0
DA:71,0
DA:74,0
DA:76,0
DA:77,0
DA:78,0
DA:79,0
DA:80,0
DA:81,0
DA:82,0
DA:85,0
DA:87,0
DA:88,0
DA:89,0
DA:90,0
DA:91,0
DA:92,0
LF:45
LH:0
end_of_record
SF:lib\src\models\internet.dart
DA:11,0
DA:18,0
DA:24,0
DA:25,0
DA:26,0
DA:27,0
DA:28,0
DA:32,0
DA:33,0
DA:34,0
DA:35,0
DA:36,0
DA:37,0
DA:41,0
DA:42,0
DA:43,0
DA:44,0
DA:45,0
DA:46,0
DA:50,0
DA:52,0
DA:53,0
DA:55,0
DA:57,0
DA:60,0
DA:63,0
DA:65,0
DA:66,0
DA:67,0
DA:68,0
DA:69,0
DA:72,0
DA:74,0
DA:75,0
DA:76,0
DA:77,0
LF:36
LH:0
end_of_record
SF:lib\src\models\lorem.dart
DA:9,0
DA:14,0
DA:18,0
DA:19,0
DA:20,0
DA:24,0
DA:25,0
DA:26,0
DA:27,0
DA:31,0
DA:32,0
DA:33,0
DA:34,0
DA:38,0
DA:40,0
DA:42,0
DA:43,0
DA:45,0
DA:48,0
DA:50,0
DA:51,0
DA:52,0
DA:55,0
DA:56,0
LF:24
LH:0
end_of_record
SF:lib\src\models\music.dart
DA:8,0
DA:12,0
DA:15,0
DA:16,0
DA:20,0
DA:21,0
DA:22,0
DA:26,0
DA:27,0
DA:28,0
DA:32,0
DA:34,0
DA:36,0
DA:37,0
DA:39,0
DA:42,0
DA:44,0
DA:47,0
DA:48,0
LF:19
LH:0
end_of_record
SF:lib\src\models\name.dart
DA:33,0
DA:53,0
DA:72,0
DA:73,0
DA:74,0
DA:75,0
DA:76,0
DA:77,0
DA:78,0
DA:79,0
DA:80,0
DA:81,0
DA:82,0
DA:83,0
DA:84,0
DA:85,0
DA:86,0
DA:87,0
DA:88,0
DA:89,0
DA:93,0
DA:94,0
DA:95,0
DA:96,0
DA:97,0
DA:98,0
DA:99,0
DA:100,0
DA:101,0
DA:102,0
DA:103,0
DA:104,0
DA:105,0
DA:106,0
DA:107,0
DA:108,0
DA:109,0
DA:110,0
DA:111,0
DA:115,0
DA:116,0
DA:117,0
DA:118,0
DA:119,0
DA:120,0
DA:121,0
DA:122,0
DA:123,0
DA:124,0
DA:125,0
DA:126,0
DA:127,0
DA:128,0
DA:129,0
DA:130,0
DA:131,0
DA:132,0
DA:133,0
DA:137,0
DA:139,0
DA:141,0
DA:143,0
DA:146,0
DA:149,0
DA:151,0
DA:152,0
DA:153,0
DA:154,0
DA:155,0
DA:156,0
DA:157,0
DA:158,0
DA:159,0
DA:160,0
DA:161,0
DA:162,0
DA:163,0
DA:164,0
DA:165,0
DA:166,0
DA:167,0
DA:168,0
DA:171,0
DA:173,0
DA:174,0
DA:175,0
DA:176,0
DA:177,0
DA:178,0
DA:179,0
DA:180,0
DA:181,0
DA:182,0
DA:183,0
DA:184,0
DA:185,0
DA:186,0
DA:187,0
DA:188,0
DA:189,0
LF:100
LH:0
end_of_record
SF:lib\src\models\phone_number.dart
DA:8,0
DA:12,0
DA:15,0
DA:16,0
DA:20,0
DA:21,0
DA:22,0
DA:26,0
DA:27,0
DA:28,0
DA:32,0
DA:34,0
DA:35,0
DA:37,0
DA:38,0
DA:40,0
DA:43,0
DA:45,0
DA:48,0
DA:49,0
LF:20
LH:0
end_of_record
SF:lib\src\models\system.dart
DA:6,0
DA:10,0
DA:13,0
DA:14,0
DA:18,0
DA:19,0
DA:20,0
DA:24,0
DA:25,0
DA:26,0
DA:30,0
DA:32,0
DA:34,0
DA:35,0
DA:37,0
DA:41,0
DA:44,0
DA:45,0
LF:18
LH:0
end_of_record
SF:lib\src\models\team.dart
DA:9,0
DA:14,0
DA:18,0
DA:19,0
DA:20,0
DA:24,0
DA:25,0
DA:26,0
DA:27,0
DA:31,0
DA:32,0
DA:33,0
DA:34,0
DA:38,0
DA:40,0
DA:42,0
DA:43,0
DA:45,0
DA:48,0
DA:50,0
DA:51,0
DA:52,0
DA:55,0
DA:56,0
LF:24
LH:0
end_of_record
SF:lib\src\models\title.dart
DA:10,0
DA:16,0
DA:21,0
DA:22,0
DA:23,0
DA:24,0
DA:28,0
DA:29,0
DA:30,0
DA:31,0
DA:32,0
DA:36,0
DA:37,0
DA:38,0
DA:39,0
DA:40,0
DA:44,0
DA:46,0
DA:48,0
DA:50,0
DA:52,0
DA:55,0
DA:57,0
DA:58,0
DA:59,0
DA:60,0
DA:63,0
DA:64,0
LF:28
LH:0
end_of_record
SF:lib\src\models\vehicle.dart
DA:12,0
DA:20,0
DA:27,0
DA:28,0
DA:29,0
DA:30,0
DA:31,0
DA:32,0
DA:36,0
DA:37,0
DA:38,0
DA:39,0
DA:40,0
DA:41,0
DA:42,0
DA:46,0
DA:47,0
DA:48,0
DA:49,0
DA:50,0
DA:51,0
DA:52,0
DA:56,0
DA:58,0
DA:59,0
DA:61,0
DA:63,0
DA:66,0
DA:69,0
DA:71,0
DA:72,0
DA:73,0
DA:74,0
DA:75,0
DA:76,0
DA:79,0
DA:81,0
DA:82,0
DA:83,0
DA:84,0
DA:85,0
LF:41
LH:0
end_of_record
SF:lib\src\models\word.dart
DA:14,0
DA:24,0
DA:33,0
DA:34,0
DA:35,0
DA:36,0
DA:37,0
DA:38,0
DA:39,0
DA:40,0
DA:44,0
DA:45,0
DA:46,0
DA:47,0
DA:48,0
DA:49,0
DA:50,0
DA:51,0
DA:52,0
DA:56,0
DA:57,0
DA:58,0
DA:59,0
DA:60,0
DA:61,0
DA:62,0
DA:63,0
DA:64,0
DA:68,0
DA:70,0
DA:72,0
DA:74,0
DA:77,0
DA:80,0
DA:82,0
DA:83,0
DA:84,0
DA:85,0
DA:86,0
DA:87,0
DA:88,0
DA:89,0
DA:92,0
DA:94,0
DA:95,0
DA:96,0
DA:97,0
DA:98,0
DA:99,0
DA:100,0
LF:50
LH:0
end_of_record
SF:lib\src\address.dart
DA:9,6
DA:20,1
DA:31,1
DA:33,0
DA:34,0
DA:36,1
DA:50,0
DA:51,0
DA:58,0
DA:60,0
DA:64,1
DA:65,5
DA:69,1
DA:70,5
DA:74,1
DA:75,5
DA:79,1
DA:80,1
DA:82,3
DA:83,0
DA:84,4
DA:88,1
DA:89,5
DA:93,0
DA:94,0
DA:101,1
DA:103,4
DA:104,0
DA:108,3
DA:110,0
DA:118,1
DA:119,2
DA:120,1
DA:124,1
DA:125,5
DA:129,1
DA:130,5
DA:136,1
DA:137,1
DA:138,5
DA:139,5
DA:143,1
DA:144,5
DA:148,1
DA:149,5
DA:156,1
DA:157,3
DA:164,1
DA:165,3
DA:172,1
DA:174,0
DA:175,5
DA:182,1
DA:184,0
DA:185,0
DA:186,1
DA:187,5
DA:194,1
DA:196,0
DA:197,0
DA:198,1
DA:199,5
DA:207,1
DA:212,3
DA:213,3
DA:214,2
DA:216,1
DA:223,1
DA:225,2
DA:226,2
DA:229,12
DA:231,1
DA:232,7
DA:233,6
DA:235,2
DA:236,0
DA:237,2
DA:238,0
DA:241,3
DA:244,3
DA:246,1
DA:248,4
DA:255,1
DA:256,5
LF:84
LH:66
end_of_record
SF:lib\src\name.dart
DA:6,6
DA:20,2
DA:27,0
DA:32,0
DA:33,0
DA:35,0
DA:37,0
DA:38,0
DA:39,0
DA:42,0
DA:43,0
DA:44,0
DA:47,0
DA:48,0
DA:49,0
DA:52,0
DA:59,2
DA:60,8
DA:61,4
DA:62,10
DA:66,1
DA:67,5
DA:68,1
DA:69,5
DA:70,1
DA:71,5
DA:77,1
DA:78,4
DA:79,4
DA:80,5
DA:84,1
DA:85,5
DA:86,1
DA:87,5
DA:88,1
DA:89,5
DA:95,1
DA:96,4
DA:97,4
DA:98,5
DA:102,1
DA:103,5
DA:104,1
DA:105,5
DA:106,1
DA:107,5
DA:112,0
DA:113,0
DA:118,1
DA:120,5
DA:121,5
DA:126,1
DA:127,4
DA:128,4
DA:129,5
DA:133,1
DA:134,5
DA:135,1
DA:136,5
DA:137,1
DA:138,5
DA:143,1
DA:144,5
DA:148,0
DA:150,0
DA:151,0
DA:152,0
DA:154,0
DA:158,1
DA:159,6
DA:163,1
DA:164,6
DA:168,1
DA:169,6
LF:74
LH:53
end_of_record
SF:lib\src\utils\helper_utils.dart
DA:8,0
DA:9,0
DA:10,0
DA:12,1
DA:15,3
DA:16,2
DA:17,4
DA:18,2
DA:19,0
DA:21,2
DA:27,1
DA:28,1
DA:29,1
DA:30,1
DA:34,3
DA:35,2
DA:36,4
DA:37,2
DA:38,0
DA:39,2
DA:40,0
DA:41,0
DA:42,0
DA:44,2
DA:52,0
DA:54,0
DA:55,0
DA:85,0
DA:86,0
DA:87,0
DA:88,0
DA:89,0
DA:90,0
DA:95,0
DA:97,0
DA:98,0
DA:99,0
LF:37
LH:16
end_of_record
SF:lib\src\utils\random_utils.dart
DA:6,5
DA:8,15
DA:9,5
DA:13,0
DA:14,0
DA:15,0
DA:16,0
LF:7
LH:3
end_of_record
SF:lib\src\commerce.dart
DA:8,1
DA:13,6
DA:16,1
DA:17,5
DA:20,1
DA:21,4
DA:30,1
DA:37,3
DA:39,2
DA:43,1
DA:44,6
DA:47,1
DA:48,6
DA:51,1
DA:52,6
DA:55,1
DA:56,5
LF:17
LH:17
end_of_record
SF:lib\src\image.dart
DA:9,1
DA:29,1
DA:30,3
DA:32,1
DA:33,3
DA:34,0
LF:6
LH:5
end_of_record
SF:lib\src\utils\locale_utils.dart
DA:6,0
DA:7,0
DA:8,0
DA:9,0
DA:11,0
DA:14,0
DA:18,0
DA:20,0
DA:21,0
DA:23,0
DA:26,0
DA:30,0
DA:32,0
DA:33,0
DA:34,0
DA:35,0
DA:36,0
DA:37,0
DA:38,0
DA:39,0
DA:40,0
DA:41,0
DA:42,0
DA:43,0
DA:44,0
DA:45,0
DA:46,0
DA:47,0
DA:48,0
DA:49,0
DA:50,0
DA:51,0
DA:52,0
DA:53,0
DA:54,0
DA:55,0
DA:56,0
DA:57,0
DA:58,0
DA:59,0
DA:60,0
DA:61,0
DA:62,0
DA:63,0
DA:64,0
DA:65,0
DA:66,0
DA:67,0
DA:68,0
DA:69,0
DA:70,0
DA:71,0
DA:72,0
DA:73,0
DA:74,0
DA:75,0
DA:76,0
DA:77,0
DA:78,0
DA:79,0
DA:80,0
DA:81,0
DA:82,0
DA:83,0
DA:84,0
DA:85,0
DA:86,0
DA:87,0
DA:88,0
DA:89,0
DA:90,0
DA:91,0
DA:92,0
DA:93,0
DA:94,0
DA:95,0
DA:96,0
DA:97,0
DA:98,0
DA:99,0
DA:100,0
DA:101,0
DA:102,0
DA:103,0
DA:104,0
DA:105,0
DA:106,0
DA:107,0
DA:108,0
DA:109,0
DA:110,0
DA:111,0
DA:112,0
DA:113,0
DA:114,0
DA:115,0
DA:116,0
DA:117,0
DA:118,0
DA:119,0
DA:120,0
DA:121,0
DA:122,0
DA:123,0
DA:124,0
DA:125,0
DA:126,0
DA:127,0
DA:128,0
DA:129,0
DA:130,0
DA:131,0
DA:132,0
DA:133,0
DA:134,0
DA:135,0
DA:136,0
DA:137,0
DA:138,0
DA:139,0
DA:140,0
DA:141,0
DA:147,6
LF:123
LH:1
end_of_record
SF:lib\src\image_providers\lorempicsum.dart
DA:5,0
DA:6,0
DA:10,0
DA:11,0
DA:15,0
DA:16,0
DA:18,0
DA:30,0
DA:32,0
DA:35,0
DA:37,0
DA:38,0
LF:12
LH:0
end_of_record
SF:lib\src\image_providers\lorempixel.dart
DA:4,6
DA:24,2
DA:27,0
DA:28,0
DA:31,0
DA:32,0
DA:35,0
DA:36,0
DA:39,0
DA:40,0
DA:43,0
DA:44,0
DA:47,0
DA:48,0
DA:51,0
DA:52,0
DA:55,0
DA:56,0
DA:59,0
DA:60,0
DA:63,0
DA:64,0
DA:67,0
DA:68,0
DA:71,0
DA:72,0
DA:75,0
DA:76,0
DA:78,1
DA:86,1
DA:88,0
DA:89,4
DA:94,0
LF:33
LH:5
end_of_record
SF:lib\src\image_providers\unsplash.dart
DA:2,6
DA:16,0
DA:17,0
DA:21,0
DA:22,0
DA:26,0
DA:27,0
DA:31,0
DA:32,0
DA:36,0
DA:37,0
DA:41,0
DA:42,0
DA:46,0
DA:47,0
DA:49,0
DA:60,0
DA:62,0
DA:65,0
DA:66,0
DA:71,0
LF:21
LH:1
end_of_record
SF:lib\src\locales\af_ZA.dart
DA:1,0
LF:1
LH:0
end_of_record
SF:lib\src\locales\ar.dart
DA:1,0
LF:1
LH:0
end_of_record
SF:lib\src\locales\az.dart
DA:1,0
LF:1
LH:0
end_of_record
SF:lib\src\locales\cz.dart
DA:1,0
LF:1
LH:0
end_of_record
SF:lib\src\locales\de_AT.dart
DA:1,0
LF:1
LH:0
end_of_record
SF:lib\src\locales\de_CH.dart
DA:1,0
LF:1
LH:0
end_of_record
SF:lib\src\locales\de.dart
DA:1,0
LF:1
LH:0
end_of_record
SF:lib\src\locales\el.dart
DA:1,0
LF:1
LH:0
end_of_record
SF:lib\src\locales\en_AU_ocker.dart
DA:1,0
LF:1
LH:0
end_of_record
SF:lib\src\locales\en_AU.dart
DA:1,0
LF:1
LH:0
end_of_record
SF:lib\src\locales\en_BORK.dart
DA:1,0
LF:1
LH:0
end_of_record
SF:lib\src\locales\en_CA.dart
DA:1,0
LF:1
LH:0
end_of_record
SF:lib\src\locales\en_GB.dart
DA:1,0
LF:1
LH:0
end_of_record
SF:lib\src\locales\en_GH.dart
DA:1,0
LF:1
LH:0
end_of_record
SF:lib\src\locales\en_IE.dart
DA:1,0
LF:1
LH:0
end_of_record
SF:lib\src\locales\en_IND.dart
DA:1,0
LF:1
LH:0
end_of_record
SF:lib\src\locales\en_NG.dart
DA:1,0
LF:1
LH:0
end_of_record
SF:lib\src\locales\en_US.dart
DA:1,0
LF:1
LH:0
end_of_record
SF:lib\src\locales\en_ZA.dart
DA:1,0
LF:1
LH:0
end_of_record
SF:lib\src\locales\en.dart
DA:1,0
LF:1
LH:0
end_of_record
SF:lib\src\locales\es_MX.dart
DA:1,0
LF:1
LH:0
end_of_record
SF:lib\src\locales\es.dart
DA:1,0
LF:1
LH:0
end_of_record
SF:lib\src\locales\fa.dart
DA:1,0
LF:1
LH:0
end_of_record
SF:lib\src\locales\fi.dart
DA:1,0
LF:1
LH:0
end_of_record
SF:lib\src\locales\fr_BE.dart
DA:1,0
LF:1
LH:0
end_of_record
SF:lib\src\locales\fr_CA.dart
DA:1,0
LF:1
LH:0
end_of_record
SF:lib\src\locales\fr_CH.dart
DA:1,0
LF:1
LH:0
end_of_record
SF:lib\src\locales\fr.dart
DA:1,0
LF:1
LH:0
end_of_record
SF:lib\src\locales\ge.dart
DA:1,0
LF:1
LH:0
end_of_record
SF:lib\src\locales\he.dart
DA:1,0
LF:1
LH:0
end_of_record
SF:lib\src\locales\hr.dart
DA:1,0
LF:1
LH:0
end_of_record
SF:lib\src\locales\hy.dart
DA:1,0
LF:1
LH:0
end_of_record
SF:lib\src\locales\id_ID.dart
DA:1,0
LF:1
LH:0
end_of_record
SF:lib\src\locales\it.dart
DA:1,0
LF:1
LH:0
end_of_record
SF:lib\src\locales\ja.dart
DA:1,0
LF:1
LH:0
end_of_record
SF:lib\src\locales\ko.dart
DA:1,0
LF:1
LH:0
end_of_record
SF:lib\src\locales\lv.dart
DA:1,0
LF:1
LH:0
end_of_record
SF:lib\src\locales\mk.dart
DA:1,0
LF:1
LH:0
end_of_record
SF:lib\src\locales\nb_NO.dart
DA:1,0
LF:1
LH:0
end_of_record
SF:lib\src\locales\ne.dart
DA:1,0
LF:1
LH:0
end_of_record
SF:lib\src\locales\nl_BE.dart
DA:1,0
LF:1
LH:0
end_of_record
SF:lib\src\locales\nl.dart
DA:1,0
LF:1
LH:0
end_of_record
SF:lib\src\locales\pl.dart
DA:1,0
LF:1
LH:0
end_of_record
SF:lib\src\locales\pt_BR.dart
DA:1,0
LF:1
LH:0
end_of_record
SF:lib\src\locales\pt_PT.dart
DA:1,0
LF:1
LH:0
end_of_record
SF:lib\src\locales\ro.dart
DA:1,0
LF:1
LH:0
end_of_record
SF:lib\src\locales\ru.dart
DA:1,0
LF:1
LH:0
end_of_record
SF:lib\src\locales\sk.dart
DA:1,0
LF:1
LH:0
end_of_record
SF:lib\src\locales\sv.dart
DA:1,0
LF:1
LH:0
end_of_record
SF:lib\src\locales\tr.dart
DA:1,0
LF:1
LH:0
end_of_record
SF:lib\src\locales\uk.dart
DA:1,0
LF:1
LH:0
end_of_record
SF:lib\src\locales\vi.dart
DA:1,0
LF:1
LH:0
end_of_record
SF:lib\src\locales\zh_CN.dart
DA:1,0
LF:1
LH:0
end_of_record
SF:lib\src\locales\zh_TW.dart
DA:1,0
LF:1
LH:0
end_of_record
SF:lib\src\locales\zu_ZA.dart
DA:1,0
LF:1
LH:0
end_of_record
